2025-09-02 23:32:32,333 INFO o.a.j.u.JMeterUtils: Setting Locale to en_EN
2025-09-02 23:32:32,351 INFO o.a.j.JMeter: Loading user properties from: user.properties
2025-09-02 23:32:32,352 INFO o.a.j.JMeter: Loading system properties from: system.properties
2025-09-02 23:32:32,361 INFO o.a.j.JMeter: Copyright (c) 1998-2024 The Apache Software Foundation
2025-09-02 23:32:32,362 INFO o.a.j.JMeter: Version 5.6.3
2025-09-02 23:32:32,362 INFO o.a.j.JMeter: java.version=24.0.2
2025-09-02 23:32:32,362 INFO o.a.j.JMeter: java.vm.name=Java HotSpot(TM) 64-Bit Server VM
2025-09-02 23:32:32,362 INFO o.a.j.JMeter: os.name=Windows 11
2025-09-02 23:32:32,362 INFO o.a.j.JMeter: os.arch=amd64
2025-09-02 23:32:32,362 INFO o.a.j.JMeter: os.version=10.0
2025-09-02 23:32:32,362 INFO o.a.j.JMeter: file.encoding=UTF-8
2025-09-02 23:32:32,363 INFO o.a.j.JMeter: java.awt.headless=null
2025-09-02 23:32:32,363 INFO o.a.j.JMeter: Max memory     =1073741824
2025-09-02 23:32:32,363 INFO o.a.j.JMeter: Available Processors =8
2025-09-02 23:32:32,377 INFO o.a.j.JMeter: Default Locale=English (EN)
2025-09-02 23:32:32,378 INFO o.a.j.JMeter: JMeter  Locale=English (EN)
2025-09-02 23:32:32,378 INFO o.a.j.JMeter: JMeterHome=F:\Hotel_MicroServices\apache-jmeter-5.6.3
2025-09-02 23:32:32,378 INFO o.a.j.JMeter: user.dir  =F:\Hotel_MicroServices\apache-jmeter-5.6.3\bin
2025-09-02 23:32:32,378 INFO o.a.j.JMeter: PWD       =F:\Hotel_MicroServices\apache-jmeter-5.6.3\bin
2025-09-02 23:32:32,379 INFO o.a.j.JMeter: IP: 10.35.234.22 Name: MORYA FullName: MORYA
2025-09-02 23:32:32,389 INFO o.a.j.JMeter: Loaded icon properties from org/apache/jmeter/images/icon.properties
2025-09-02 23:32:32,548 INFO o.a.j.JMeterGuiLauncher: Setting LAF to: com.github.weisj.darklaf.DarkLaf:com.github.weisj.darklaf.theme.DarculaTheme
2025-09-02 23:32:44,138 INFO o.a.j.s.FileServer: Default base='F:\Hotel_MicroServices\apache-jmeter-5.6.3\bin'
2025-09-02 23:32:44,143 INFO o.a.j.g.a.Load: Loading file: F:\Hotel_MicroServices\apache-jmeter-5.6.3\bin\rateTreeResult.jmx
2025-09-02 23:32:44,143 INFO o.a.j.s.FileServer: Set new base='F:\Hotel_MicroServices\apache-jmeter-5.6.3\bin'
2025-09-02 23:32:44,634 INFO o.a.j.s.SaveService: Testplan (JMX) version: 2.2. Testlog (JTL) version: 2.2
2025-09-02 23:32:44,670 INFO o.a.j.s.SaveService: Using SaveService properties version 5.0
2025-09-02 23:32:44,672 INFO o.a.j.s.SaveService: Using SaveService properties file encoding UTF-8
2025-09-02 23:32:44,675 INFO o.a.j.s.SaveService: Loading file: F:\Hotel_MicroServices\apache-jmeter-5.6.3\bin\rateTreeResult.jmx
2025-09-02 23:32:44,730 INFO o.a.j.p.h.s.HTTPSamplerBase: Parser for text/html is org.apache.jmeter.protocol.http.parser.LagartoBasedHtmlParser
2025-09-02 23:32:44,730 INFO o.a.j.p.h.s.HTTPSamplerBase: Parser for application/xhtml+xml is org.apache.jmeter.protocol.http.parser.LagartoBasedHtmlParser
2025-09-02 23:32:44,730 INFO o.a.j.p.h.s.HTTPSamplerBase: Parser for application/xml is org.apache.jmeter.protocol.http.parser.LagartoBasedHtmlParser
2025-09-02 23:32:44,731 INFO o.a.j.p.h.s.HTTPSamplerBase: Parser for text/xml is org.apache.jmeter.protocol.http.parser.LagartoBasedHtmlParser
2025-09-02 23:32:44,731 INFO o.a.j.p.h.s.HTTPSamplerBase: Parser for text/vnd.wap.wml is org.apache.jmeter.protocol.http.parser.RegexpHTMLParser
2025-09-02 23:32:44,731 INFO o.a.j.p.h.s.HTTPSamplerBase: Parser for text/css is org.apache.jmeter.protocol.http.parser.CssParser
2025-09-02 23:32:44,897 INFO o.a.j.s.SampleResult: Note: Sample TimeStamps are START times
2025-09-02 23:32:44,897 INFO o.a.j.s.SampleResult: sampleresult.default.encoding is set to UTF-8
2025-09-02 23:32:44,897 INFO o.a.j.s.SampleResult: sampleresult.useNanoTime=true
2025-09-02 23:32:44,897 INFO o.a.j.s.SampleResult: sampleresult.nanoThreadSleep=5000
2025-09-02 23:32:45,151 INFO o.a.j.s.FileServer: Set new base='F:\Hotel_MicroServices\apache-jmeter-5.6.3\bin'
2025-09-02 23:33:06,959 INFO o.a.j.e.StandardJMeterEngine: Running the test!
2025-09-02 23:33:06,959 INFO o.a.j.s.SampleEvent: List of sample_variables: []
2025-09-02 23:33:06,960 INFO o.a.j.s.SampleEvent: List of sample_variables: []
2025-09-02 23:33:06,961 INFO o.a.j.e.u.CompoundVariable: Note: Function class names must contain the string: '.functions.'
2025-09-02 23:33:06,961 INFO o.a.j.e.u.CompoundVariable: Note: Function class names must not contain the string: '.gui.'
2025-09-02 23:33:07,036 INFO o.a.j.g.u.JMeterMenuBar: setRunning(true, *local*)
2025-09-02 23:33:07,075 INFO o.a.j.e.StandardJMeterEngine: Starting ThreadGroup: 1 : Thread Group
2025-09-02 23:33:07,075 INFO o.a.j.e.StandardJMeterEngine: Starting 10 threads for group Thread Group.
2025-09-02 23:33:07,075 INFO o.a.j.e.StandardJMeterEngine: Thread will continue on error
2025-09-02 23:33:07,076 INFO o.a.j.t.ThreadGroup: Starting thread group... number=1 threads=10 ramp-up=1 delayedStart=false
2025-09-02 23:33:07,081 INFO o.a.j.t.JMeterThread: Thread started: Thread Group 1-1
2025-09-02 23:33:07,083 INFO o.a.j.t.ThreadGroup: Started thread group number 1
2025-09-02 23:33:07,083 INFO o.a.j.e.StandardJMeterEngine: All thread groups have been started
2025-09-02 23:33:07,098 INFO o.a.j.p.h.s.HTTPHCAbstractImpl: Local host = MORYA
2025-09-02 23:33:07,127 INFO o.a.j.p.h.s.HTTPHC4Impl: HTTP request retry count = 0
2025-09-02 23:33:07,178 INFO o.a.j.t.JMeterThread: Thread started: Thread Group 1-2
2025-09-02 23:33:07,278 INFO o.a.j.t.JMeterThread: Thread started: Thread Group 1-3
2025-09-02 23:33:07,378 INFO o.a.j.t.JMeterThread: Thread started: Thread Group 1-4
2025-09-02 23:33:07,478 INFO o.a.j.t.JMeterThread: Thread started: Thread Group 1-5
2025-09-02 23:33:07,500 INFO o.a.j.t.JMeterThread: Thread is done: Thread Group 1-1
2025-09-02 23:33:07,500 INFO o.a.j.t.JMeterThread: Thread is done: Thread Group 1-2
2025-09-02 23:33:07,500 INFO o.a.j.t.JMeterThread: Thread finished: Thread Group 1-1
2025-09-02 23:33:07,500 INFO o.a.j.t.JMeterThread: Thread finished: Thread Group 1-2
2025-09-02 23:33:07,505 INFO o.a.j.t.JMeterThread: Thread is done: Thread Group 1-5
2025-09-02 23:33:07,505 INFO o.a.j.t.JMeterThread: Thread finished: Thread Group 1-5
2025-09-02 23:33:07,578 INFO o.a.j.t.JMeterThread: Thread started: Thread Group 1-6
2025-09-02 23:33:07,640 INFO o.a.j.t.JMeterThread: Thread is done: Thread Group 1-6
2025-09-02 23:33:07,640 INFO o.a.j.t.JMeterThread: Thread finished: Thread Group 1-6
2025-09-02 23:33:07,689 INFO o.a.j.t.JMeterThread: Thread started: Thread Group 1-7
2025-09-02 23:33:07,721 INFO o.a.j.t.JMeterThread: Thread is done: Thread Group 1-7
2025-09-02 23:33:07,721 INFO o.a.j.t.JMeterThread: Thread finished: Thread Group 1-7
2025-09-02 23:33:07,778 INFO o.a.j.t.JMeterThread: Thread started: Thread Group 1-8
2025-09-02 23:33:07,804 INFO o.a.j.t.JMeterThread: Thread is done: Thread Group 1-8
2025-09-02 23:33:07,804 INFO o.a.j.t.JMeterThread: Thread finished: Thread Group 1-8
2025-09-02 23:33:07,878 INFO o.a.j.t.JMeterThread: Thread started: Thread Group 1-9
2025-09-02 23:33:07,882 INFO o.a.j.t.JMeterThread: Thread is done: Thread Group 1-3
2025-09-02 23:33:07,883 INFO o.a.j.t.JMeterThread: Thread finished: Thread Group 1-3
2025-09-02 23:33:07,892 INFO o.a.j.t.JMeterThread: Thread is done: Thread Group 1-4
2025-09-02 23:33:07,892 INFO o.a.j.t.JMeterThread: Thread finished: Thread Group 1-4
2025-09-02 23:33:07,912 INFO o.a.j.t.JMeterThread: Thread is done: Thread Group 1-9
2025-09-02 23:33:07,912 INFO o.a.j.t.JMeterThread: Thread finished: Thread Group 1-9
2025-09-02 23:33:07,983 INFO o.a.j.t.JMeterThread: Thread started: Thread Group 1-10
2025-09-02 23:33:08,020 INFO o.a.j.t.JMeterThread: Thread is done: Thread Group 1-10
2025-09-02 23:33:08,020 INFO o.a.j.t.JMeterThread: Thread finished: Thread Group 1-10
2025-09-02 23:33:08,020 INFO o.a.j.e.StandardJMeterEngine: Notifying test listeners of end of test
2025-09-02 23:33:08,021 INFO o.a.j.g.u.JMeterMenuBar: setRunning(false, *local*)
2025-09-02 23:34:01,768 INFO o.a.j.e.StandardJMeterEngine: Running the test!
2025-09-02 23:34:01,769 INFO o.a.j.s.SampleEvent: List of sample_variables: []
2025-09-02 23:34:01,769 INFO o.a.j.g.u.JMeterMenuBar: setRunning(true, *local*)
2025-09-02 23:34:01,797 INFO o.a.j.e.StandardJMeterEngine: Starting ThreadGroup: 1 : Thread Group
2025-09-02 23:34:01,798 INFO o.a.j.e.StandardJMeterEngine: Starting 10 threads for group Thread Group.
2025-09-02 23:34:01,798 INFO o.a.j.e.StandardJMeterEngine: Thread will continue on error
2025-09-02 23:34:01,798 INFO o.a.j.t.ThreadGroup: Starting thread group... number=1 threads=10 ramp-up=1 delayedStart=false
2025-09-02 23:34:01,799 INFO o.a.j.t.JMeterThread: Thread started: Thread Group 1-1
2025-09-02 23:34:01,801 INFO o.a.j.t.ThreadGroup: Started thread group number 1
2025-09-02 23:34:01,801 INFO o.a.j.e.StandardJMeterEngine: All thread groups have been started
2025-09-02 23:34:01,821 INFO o.a.j.t.JMeterThread: Thread is done: Thread Group 1-1
2025-09-02 23:34:01,821 INFO o.a.j.t.JMeterThread: Thread finished: Thread Group 1-1
2025-09-02 23:34:01,899 INFO o.a.j.t.JMeterThread: Thread started: Thread Group 1-2
2025-09-02 23:34:01,920 INFO o.a.j.t.JMeterThread: Thread is done: Thread Group 1-2
2025-09-02 23:34:01,920 INFO o.a.j.t.JMeterThread: Thread finished: Thread Group 1-2
2025-09-02 23:34:02,000 INFO o.a.j.t.JMeterThread: Thread started: Thread Group 1-3
2025-09-02 23:34:02,017 INFO o.a.j.t.JMeterThread: Thread is done: Thread Group 1-3
2025-09-02 23:34:02,017 INFO o.a.j.t.JMeterThread: Thread finished: Thread Group 1-3
2025-09-02 23:34:02,100 INFO o.a.j.t.JMeterThread: Thread started: Thread Group 1-4
2025-09-02 23:34:02,113 INFO o.a.j.t.JMeterThread: Thread is done: Thread Group 1-4
2025-09-02 23:34:02,113 INFO o.a.j.t.JMeterThread: Thread finished: Thread Group 1-4
2025-09-02 23:34:02,198 INFO o.a.j.t.JMeterThread: Thread started: Thread Group 1-5
2025-09-02 23:34:02,214 INFO o.a.j.t.JMeterThread: Thread is done: Thread Group 1-5
2025-09-02 23:34:02,214 INFO o.a.j.t.JMeterThread: Thread finished: Thread Group 1-5
2025-09-02 23:34:02,299 INFO o.a.j.t.JMeterThread: Thread started: Thread Group 1-6
2025-09-02 23:34:02,323 INFO o.a.j.t.JMeterThread: Thread is done: Thread Group 1-6
2025-09-02 23:34:02,324 INFO o.a.j.t.JMeterThread: Thread finished: Thread Group 1-6
2025-09-02 23:34:02,399 INFO o.a.j.t.JMeterThread: Thread started: Thread Group 1-7
2025-09-02 23:34:02,414 INFO o.a.j.t.JMeterThread: Thread is done: Thread Group 1-7
2025-09-02 23:34:02,415 INFO o.a.j.t.JMeterThread: Thread finished: Thread Group 1-7
2025-09-02 23:34:02,499 INFO o.a.j.t.JMeterThread: Thread started: Thread Group 1-8
2025-09-02 23:34:02,515 INFO o.a.j.t.JMeterThread: Thread is done: Thread Group 1-8
2025-09-02 23:34:02,515 INFO o.a.j.t.JMeterThread: Thread finished: Thread Group 1-8
2025-09-02 23:34:02,599 INFO o.a.j.t.JMeterThread: Thread started: Thread Group 1-9
2025-09-02 23:34:02,610 INFO o.a.j.t.JMeterThread: Thread is done: Thread Group 1-9
2025-09-02 23:34:02,610 INFO o.a.j.t.JMeterThread: Thread finished: Thread Group 1-9
2025-09-02 23:34:02,701 INFO o.a.j.t.JMeterThread: Thread started: Thread Group 1-10
2025-09-02 23:34:02,715 INFO o.a.j.t.JMeterThread: Thread is done: Thread Group 1-10
2025-09-02 23:34:02,716 INFO o.a.j.t.JMeterThread: Thread finished: Thread Group 1-10
2025-09-02 23:34:02,716 INFO o.a.j.e.StandardJMeterEngine: Notifying test listeners of end of test
2025-09-02 23:34:02,716 INFO o.a.j.g.u.JMeterMenuBar: setRunning(false, *local*)
2025-09-02 23:34:39,887 INFO o.a.j.e.StandardJMeterEngine: Running the test!
2025-09-02 23:34:39,887 INFO o.a.j.s.SampleEvent: List of sample_variables: []
2025-09-02 23:34:39,888 INFO o.a.j.g.u.JMeterMenuBar: setRunning(true, *local*)
2025-09-02 23:34:39,912 INFO o.a.j.e.StandardJMeterEngine: Starting ThreadGroup: 1 : Thread Group
2025-09-02 23:34:39,912 INFO o.a.j.e.StandardJMeterEngine: Starting 10 threads for group Thread Group.
2025-09-02 23:34:39,912 INFO o.a.j.e.StandardJMeterEngine: Thread will continue on error
2025-09-02 23:34:39,912 INFO o.a.j.t.ThreadGroup: Starting thread group... number=1 threads=10 ramp-up=1 delayedStart=false
2025-09-02 23:34:39,913 INFO o.a.j.t.JMeterThread: Thread started: Thread Group 1-1
2025-09-02 23:34:39,914 INFO o.a.j.t.ThreadGroup: Started thread group number 1
2025-09-02 23:34:39,915 INFO o.a.j.e.StandardJMeterEngine: All thread groups have been started
2025-09-02 23:34:39,972 INFO o.a.j.t.JMeterThread: Thread is done: Thread Group 1-1
2025-09-02 23:34:39,973 INFO o.a.j.t.JMeterThread: Thread finished: Thread Group 1-1
2025-09-02 23:34:40,020 INFO o.a.j.t.JMeterThread: Thread started: Thread Group 1-2
2025-09-02 23:34:40,067 INFO o.a.j.t.JMeterThread: Thread is done: Thread Group 1-2
2025-09-02 23:34:40,067 INFO o.a.j.t.JMeterThread: Thread finished: Thread Group 1-2
2025-09-02 23:34:40,116 INFO o.a.j.t.JMeterThread: Thread started: Thread Group 1-3
2025-09-02 23:34:40,129 INFO o.a.j.t.JMeterThread: Thread is done: Thread Group 1-3
2025-09-02 23:34:40,130 INFO o.a.j.t.JMeterThread: Thread finished: Thread Group 1-3
2025-09-02 23:34:40,224 INFO o.a.j.t.JMeterThread: Thread started: Thread Group 1-4
2025-09-02 23:34:40,239 INFO o.a.j.t.JMeterThread: Thread is done: Thread Group 1-4
2025-09-02 23:34:40,239 INFO o.a.j.t.JMeterThread: Thread finished: Thread Group 1-4
2025-09-02 23:34:40,319 INFO o.a.j.t.JMeterThread: Thread started: Thread Group 1-5
2025-09-02 23:34:40,336 INFO o.a.j.t.JMeterThread: Thread is done: Thread Group 1-5
2025-09-02 23:34:40,336 INFO o.a.j.t.JMeterThread: Thread finished: Thread Group 1-5
2025-09-02 23:34:40,414 INFO o.a.j.t.JMeterThread: Thread started: Thread Group 1-6
2025-09-02 23:34:40,433 INFO o.a.j.t.JMeterThread: Thread is done: Thread Group 1-6
2025-09-02 23:34:40,433 INFO o.a.j.t.JMeterThread: Thread finished: Thread Group 1-6
2025-09-02 23:34:40,523 INFO o.a.j.t.JMeterThread: Thread started: Thread Group 1-7
2025-09-02 23:34:40,542 INFO o.a.j.t.JMeterThread: Thread is done: Thread Group 1-7
2025-09-02 23:34:40,542 INFO o.a.j.t.JMeterThread: Thread finished: Thread Group 1-7
2025-09-02 23:34:40,614 INFO o.a.j.t.JMeterThread: Thread started: Thread Group 1-8
2025-09-02 23:34:40,631 INFO o.a.j.t.JMeterThread: Thread is done: Thread Group 1-8
2025-09-02 23:34:40,631 INFO o.a.j.t.JMeterThread: Thread finished: Thread Group 1-8
2025-09-02 23:34:40,722 INFO o.a.j.t.JMeterThread: Thread started: Thread Group 1-9
2025-09-02 23:34:40,740 INFO o.a.j.t.JMeterThread: Thread is done: Thread Group 1-9
2025-09-02 23:34:40,740 INFO o.a.j.t.JMeterThread: Thread finished: Thread Group 1-9
2025-09-02 23:34:40,816 INFO o.a.j.t.JMeterThread: Thread started: Thread Group 1-10
2025-09-02 23:34:40,833 INFO o.a.j.t.JMeterThread: Thread is done: Thread Group 1-10
2025-09-02 23:34:40,833 INFO o.a.j.t.JMeterThread: Thread finished: Thread Group 1-10
2025-09-02 23:34:40,833 INFO o.a.j.e.StandardJMeterEngine: Notifying test listeners of end of test
2025-09-02 23:34:40,834 INFO o.a.j.g.u.JMeterMenuBar: setRunning(false, *local*)
